2026-05-12 13:00:01,272 [INFO] ==================================================
2026-05-12 13:00:01,272 [INFO] CBRS IPO Monitor — starting check
2026-05-12 13:00:01,273 [INFO] Checking SEC EDGAR filings...
2026-05-12 13:00:03,915 [INFO]   Found 0 new filing(s)
2026-05-12 13:00:03,916 [INFO] Checking critical filing types (424B)...
2026-05-12 13:00:04,886 [INFO]   Found 0 424-type filing(s)
2026-05-12 13:00:04,886 [INFO] Checking NASDAQ trading status...
2026-05-12 13:00:04,960 [INFO]   Not yet trading
2026-05-12 13:00:04,960 [INFO] Checking news feeds...
2026-05-12 13:00:08,234 [INFO]   Found 11 news item(s)
2026-05-12 13:00:08,235 [INFO] Sending report...
2026-05-12 13:00:09,005 [INFO] Telegram message sent to 5463384892
2026-05-12 13:00:09,837 [INFO] Telegram message sent to -5062384957
2026-05-12 13:00:09,841 [INFO] Check complete
2026-05-12 14:30:02,114 [INFO] ==================================================
2026-05-12 14:30:02,114 [INFO] CBRS IPO Monitor — starting check
2026-05-12 14:30:02,114 [INFO] Checking SEC EDGAR filings...
2026-05-12 14:30:05,612 [INFO]   Found 0 new filing(s)
2026-05-12 14:30:05,612 [INFO] Checking critical filing types (424B)...
2026-05-12 14:30:07,427 [INFO]   Found 0 424-type filing(s)
2026-05-12 14:30:07,427 [INFO] Checking NASDAQ trading status...
2026-05-12 14:30:07,492 [INFO]   Not yet trading
2026-05-12 14:30:07,492 [INFO] Checking news feeds...
2026-05-12 14:30:09,787 [INFO]   Found 11 news item(s)
2026-05-12 14:30:09,787 [INFO] Sending report...
2026-05-12 14:30:10,583 [INFO] Telegram message sent to 5463384892
2026-05-12 14:30:11,322 [INFO] Telegram message sent to -5062384957
2026-05-12 14:30:11,323 [INFO] Check complete
2026-05-12 20:30:01,885 [INFO] ==================================================
2026-05-12 20:30:01,886 [INFO] CBRS IPO Monitor — starting check
2026-05-12 20:30:01,886 [INFO] Checking SEC EDGAR filings...
2026-05-12 20:30:05,034 [INFO]   Found 0 new filing(s)
2026-05-12 20:30:05,034 [INFO] Checking critical filing types (424B)...
2026-05-12 20:30:05,988 [INFO]   Found 0 424-type filing(s)
2026-05-12 20:30:05,988 [INFO] Checking NASDAQ trading status...
2026-05-12 20:30:06,173 [INFO]   Not yet trading
2026-05-12 20:30:06,173 [INFO] Checking news feeds...
2026-05-12 20:30:08,284 [INFO]   Found 11 news item(s)
2026-05-12 20:30:08,285 [INFO] Sending report...
2026-05-12 20:30:09,167 [INFO] Telegram message sent to 5463384892
2026-05-12 20:30:10,026 [INFO] Telegram message sent to -5062384957
2026-05-12 20:30:10,028 [INFO] Check complete
2026-05-13 00:00:01,426 [INFO] ==================================================
2026-05-13 00:00:01,427 [INFO] CBRS IPO Monitor — starting check
2026-05-13 00:00:01,427 [INFO] Checking SEC EDGAR filings...
2026-05-13 00:00:03,864 [INFO]   Found 0 new filing(s)
2026-05-13 00:00:03,864 [INFO] Checking critical filing types (424B)...
2026-05-13 00:00:04,682 [INFO]   Found 0 424-type filing(s)
2026-05-13 00:00:04,682 [INFO] Checking NASDAQ trading status...
2026-05-13 00:00:04,748 [INFO]   Not yet trading
2026-05-13 00:00:04,748 [INFO] Checking news feeds...
2026-05-13 00:00:06,236 [INFO]   Found 11 news item(s)
2026-05-13 00:00:06,236 [INFO] Sending report...
2026-05-13 00:00:07,013 [INFO] Telegram message sent to 5463384892
2026-05-13 00:00:07,735 [INFO] Telegram message sent to -5062384957
2026-05-13 00:00:07,737 [INFO] Check complete
2026-05-13 13:00:01,778 [INFO] ==================================================
2026-05-13 13:00:01,778 [INFO] CBRS IPO Monitor — starting check
2026-05-13 13:00:01,779 [INFO] Checking SEC EDGAR filings...
2026-05-13 13:00:07,446 [INFO]   Found 0 new filing(s)
2026-05-13 13:00:07,447 [INFO] Checking critical filing types (424B)...
2026-05-13 13:00:08,537 [INFO]   Found 0 424-type filing(s)
2026-05-13 13:00:08,537 [INFO] Checking NASDAQ trading status...
2026-05-13 13:00:08,826 [INFO]   Not yet trading
2026-05-13 13:00:08,827 [INFO] Checking news feeds...
2026-05-13 13:00:14,330 [INFO]   Found 10 news item(s)
2026-05-13 13:00:14,331 [INFO] Sending report...
2026-05-13 13:00:18,116 [INFO] Telegram message sent to 5463384892
2026-05-13 13:00:20,248 [INFO] Telegram message sent to -5062384957
2026-05-13 13:00:20,249 [INFO] Check complete
2026-05-13 14:30:01,514 [INFO] ==================================================
2026-05-13 14:30:01,514 [INFO] CBRS IPO Monitor — starting check
2026-05-13 14:30:01,514 [INFO] Checking SEC EDGAR filings...
2026-05-13 14:30:06,530 [INFO]   Found 0 new filing(s)
2026-05-13 14:30:06,531 [INFO] Checking critical filing types (424B)...
2026-05-13 14:30:08,359 [INFO]   Found 0 424-type filing(s)
2026-05-13 14:30:08,359 [INFO] Checking NASDAQ trading status...
2026-05-13 14:30:09,739 [INFO]   Not yet trading
2026-05-13 14:30:09,739 [INFO] Checking news feeds...
2026-05-13 14:30:15,304 [INFO]   Found 10 news item(s)
2026-05-13 14:30:15,304 [INFO] Sending report...
2026-05-13 14:30:16,830 [INFO] Telegram message sent to 5463384892
2026-05-13 14:30:19,097 [INFO] Telegram message sent to -5062384957
2026-05-13 14:30:19,099 [INFO] Check complete
2026-05-13 20:30:01,663 [INFO] ==================================================
2026-05-13 20:30:01,665 [INFO] CBRS IPO Monitor — starting check
2026-05-13 20:30:01,665 [INFO] Checking SEC EDGAR filings...
2026-05-13 20:30:06,511 [INFO]   Found 1 new filing(s)
2026-05-13 20:30:06,511 [INFO] Checking critical filing types (424B)...
2026-05-13 20:30:07,313 [INFO]   Found 0 424-type filing(s)
2026-05-13 20:30:07,313 [INFO] Checking NASDAQ trading status...
2026-05-13 20:30:07,374 [INFO]   Not yet trading
2026-05-13 20:30:07,374 [INFO] Checking news feeds...
2026-05-13 20:30:09,538 [INFO]   Found 10 news item(s)
2026-05-13 20:30:09,538 [INFO] Sending report...
2026-05-13 20:30:10,401 [INFO] Telegram message sent to 5463384892
2026-05-13 20:30:11,217 [INFO] Telegram message sent to -5062384957
2026-05-13 20:30:11,219 [INFO] Check complete
2026-05-14 00:00:01,739 [INFO] ==================================================
2026-05-14 00:00:01,740 [INFO] CBRS IPO Monitor — starting check
2026-05-14 00:00:01,741 [INFO] Checking SEC EDGAR filings...
2026-05-14 00:00:06,435 [INFO]   Found 9 new filing(s)
2026-05-14 00:00:06,435 [INFO] Checking critical filing types (424B)...
2026-05-14 00:00:07,217 [INFO]   Found 0 424-type filing(s)
2026-05-14 00:00:07,217 [INFO] Checking NASDAQ trading status...
2026-05-14 00:00:07,286 [INFO]   Not yet trading
2026-05-14 00:00:07,286 [INFO] Checking news feeds...
2026-05-14 00:00:09,602 [INFO]   Found 11 news item(s)
2026-05-14 00:00:09,602 [INFO] Sending report...
2026-05-14 00:00:10,387 [INFO] Telegram message sent to 5463384892
2026-05-14 00:00:11,208 [INFO] Telegram message sent to -5062384957
2026-05-14 00:00:11,209 [INFO] Check complete
2026-05-14 13:00:01,551 [INFO] ==================================================
2026-05-14 13:00:01,554 [INFO] CBRS IPO Monitor — starting check
2026-05-14 13:00:01,555 [INFO] Checking SEC EDGAR filings...
2026-05-14 13:00:04,005 [INFO]   Found 7 new filing(s)
2026-05-14 13:00:04,007 [INFO] Checking critical filing types (424B)...
2026-05-14 13:00:05,867 [INFO]   Found 0 424-type filing(s)
2026-05-14 13:00:05,867 [INFO] Checking NASDAQ trading status...
2026-05-14 13:00:05,934 [INFO]   Not yet trading
2026-05-14 13:00:05,934 [INFO] Checking news feeds...
2026-05-14 13:00:07,714 [INFO]   Found 11 news item(s)
2026-05-14 13:00:07,714 [INFO] Sending report...
2026-05-14 13:00:08,501 [INFO] Telegram message sent to 5463384892
2026-05-14 13:00:09,233 [INFO] Telegram message sent to -5062384957
2026-05-14 13:00:09,236 [INFO] Check complete
2026-05-14 14:30:01,540 [INFO] ==================================================
2026-05-14 14:30:01,540 [INFO] CBRS IPO Monitor — starting check
2026-05-14 14:30:01,540 [INFO] Checking SEC EDGAR filings...
2026-05-14 14:30:03,850 [INFO]   Found 0 new filing(s)
2026-05-14 14:30:03,850 [INFO] Checking critical filing types (424B)...
2026-05-14 14:30:04,815 [INFO]   Found 0 424-type filing(s)
2026-05-14 14:30:04,815 [INFO] Checking NASDAQ trading status...
2026-05-14 14:30:04,888 [INFO]   TRADING DETECTED! Price: $185.0
2026-05-14 14:30:04,888 [INFO] Checking news feeds...
2026-05-14 14:30:06,628 [INFO]   Found 11 news item(s)
2026-05-14 14:30:06,629 [INFO] Sending report...
2026-05-14 14:30:07,684 [INFO] Telegram message sent to 5463384892
2026-05-14 14:30:08,539 [INFO] Telegram message sent to -5062384957
2026-05-14 14:30:08,540 [INFO] Check complete
2026-05-14 20:30:02,218 [INFO] ==================================================
2026-05-14 20:30:02,219 [INFO] CBRS IPO Monitor — starting check
2026-05-14 20:30:02,219 [INFO] Checking SEC EDGAR filings...
2026-05-14 20:30:17,081 [INFO]   Found 0 new filing(s)
2026-05-14 20:30:17,081 [INFO] Checking critical filing types (424B)...
2026-05-14 20:30:18,376 [INFO]   Found 0 424-type filing(s)
2026-05-14 20:30:18,376 [INFO] Checking NASDAQ trading status...
2026-05-14 20:30:18,453 [INFO]   TRADING DETECTED! Price: $311.07
2026-05-14 20:30:18,453 [INFO] Checking news feeds...
2026-05-14 20:30:20,267 [INFO]   Found 12 news item(s)
2026-05-14 20:30:20,267 [INFO] Sending report...
2026-05-14 20:30:20,998 [INFO] Telegram message sent to 5463384892
2026-05-14 20:30:21,722 [INFO] Telegram message sent to -5062384957
2026-05-14 20:30:21,723 [INFO] Check complete
2026-05-15 00:00:01,427 [INFO] ==================================================
2026-05-15 00:00:01,429 [INFO] CBRS IPO Monitor — starting check
2026-05-15 00:00:01,429 [INFO] Checking SEC EDGAR filings...
2026-05-15 00:00:05,759 [INFO]   Found 1 new filing(s)
2026-05-15 00:00:05,760 [INFO] Checking critical filing types (424B)...
2026-05-15 00:00:06,586 [INFO]   Found 1 424-type filing(s)
2026-05-15 00:00:06,586 [INFO] Checking NASDAQ trading status...
2026-05-15 00:00:06,655 [INFO]   TRADING DETECTED! Price: $311.07
2026-05-15 00:00:06,655 [INFO] Checking news feeds...
2026-05-15 00:00:08,162 [INFO]   Found 14 news item(s)
2026-05-15 00:00:08,162 [INFO] Sending report...
2026-05-15 00:00:08,941 [INFO] Telegram message sent to 5463384892
2026-05-15 00:00:09,663 [INFO] Telegram message sent to -5062384957
2026-05-15 00:00:09,666 [INFO] Check complete
