2026-05-11 05:23:41,516 [INFO] ==================================================
2026-05-11 05:23:41,516 [INFO] CBRS IPO Monitor — starting check
2026-05-11 05:23:41,516 [INFO] Checking SEC EDGAR filings...
2026-05-11 05:23:45,103 [INFO]   Found 9 new filing(s)
2026-05-11 05:23:45,104 [INFO] Checking critical filing types (424B)...
2026-05-11 05:23:45,917 [INFO]   Found 0 424-type filing(s)
2026-05-11 05:23:45,917 [INFO] Checking NASDAQ trading status...
2026-05-11 05:23:46,078 [INFO]   Not yet trading
2026-05-11 05:23:46,079 [INFO] Checking news feeds...
2026-05-11 05:23:47,896 [INFO]   Found 10 news item(s)
2026-05-11 05:23:47,896 [INFO] Sending report...
2026-05-11 05:23:47,897 [WARNING] Telegram not configured — printing to console only
2026-05-11 05:23:47,897 [INFO] Check complete
2026-05-11 05:31:28,622 [INFO] ==================================================
2026-05-11 05:31:28,622 [INFO] CBRS IPO Monitor — starting check
2026-05-11 05:31:29,393 [INFO] Telegram message sent successfully
2026-05-11 05:31:32,965 [INFO] ==================================================
2026-05-11 05:31:32,965 [INFO] CBRS IPO Monitor — starting check
2026-05-11 05:31:32,965 [INFO] Checking SEC EDGAR filings...
2026-05-11 05:31:35,337 [INFO]   Found 0 new filing(s)
2026-05-11 05:31:35,337 [INFO] Checking critical filing types (424B)...
2026-05-11 05:31:35,909 [INFO]   Found 0 424-type filing(s)
2026-05-11 05:31:35,909 [INFO] Checking NASDAQ trading status...
2026-05-11 05:31:35,985 [INFO]   Not yet trading
2026-05-11 05:31:35,985 [INFO] Checking news feeds...
2026-05-11 05:31:37,357 [INFO]   Found 10 news item(s)
2026-05-11 05:31:37,357 [INFO] Sending report...
2026-05-11 05:31:38,244 [INFO] Telegram message sent successfully
2026-05-11 05:31:38,247 [INFO] Check complete
2026-05-11 05:34:44,937 [INFO] ==================================================
2026-05-11 05:34:44,937 [INFO] CBRS IPO Monitor — starting check
2026-05-11 05:34:45,673 [INFO] Telegram message sent to 5463384892
2026-05-11 05:34:46,409 [INFO] Telegram message sent to -5062384957
2026-05-11 05:34:50,235 [INFO] ==================================================
2026-05-11 05:34:50,235 [INFO] CBRS IPO Monitor — starting check
2026-05-11 05:34:50,235 [INFO] Checking SEC EDGAR filings...
2026-05-11 05:34:52,686 [INFO]   Found 0 new filing(s)
2026-05-11 05:34:52,687 [INFO] Checking critical filing types (424B)...
2026-05-11 05:34:53,660 [INFO]   Found 0 424-type filing(s)
2026-05-11 05:34:53,660 [INFO] Checking NASDAQ trading status...
2026-05-11 05:34:53,722 [INFO]   Not yet trading
2026-05-11 05:34:53,722 [INFO] Checking news feeds...
2026-05-11 05:34:55,457 [INFO]   Found 10 news item(s)
2026-05-11 05:34:55,457 [INFO] Sending report...
2026-05-11 05:34:56,230 [INFO] Telegram message sent to 5463384892
2026-05-11 05:34:57,044 [INFO] Telegram message sent to -5062384957
2026-05-11 05:34:57,045 [INFO] Check complete
2026-05-12 03:16:18,343 [INFO] ==================================================
2026-05-12 03:16:18,344 [INFO] CBRS IPO Monitor — starting check
2026-05-12 03:16:18,345 [INFO] Checking SEC EDGAR filings...
2026-05-12 03:16:20,735 [INFO]   Found 2 new filing(s)
2026-05-12 03:16:20,735 [INFO] Checking critical filing types (424B)...
2026-05-12 03:16:21,552 [INFO]   Found 0 424-type filing(s)
2026-05-12 03:16:21,553 [INFO] Checking NASDAQ trading status...
2026-05-12 03:16:21,623 [INFO]   Not yet trading
2026-05-12 03:16:21,623 [INFO] Checking news feeds...
2026-05-12 03:16:22,905 [INFO]   Found 11 news item(s)
2026-05-12 03:16:22,905 [INFO] Sending report...
2026-05-12 03:16:23,819 [INFO] Telegram message sent to 5463384892
2026-05-12 03:16:24,594 [INFO] Telegram message sent to -5062384957
2026-05-12 03:16:24,597 [INFO] Check complete
2026-05-12 03:18:26,246 [INFO] ==================================================
2026-05-12 03:18:26,246 [INFO] CBRS IPO Monitor — starting check
2026-05-12 03:18:26,247 [INFO] Checking SEC EDGAR filings...
2026-05-12 03:18:28,750 [INFO]   Found 0 new filing(s)
2026-05-12 03:18:28,750 [INFO] Checking critical filing types (424B)...
2026-05-12 03:18:29,317 [INFO]   Found 0 424-type filing(s)
2026-05-12 03:18:29,318 [INFO] Checking NASDAQ trading status...
2026-05-12 03:18:29,395 [INFO]   Not yet trading
2026-05-12 03:18:29,395 [INFO] Checking news feeds...
2026-05-12 03:18:30,738 [INFO]   Found 11 news item(s)
2026-05-12 03:18:30,738 [INFO] Sending report...
2026-05-12 03:18:31,479 [INFO] Telegram message sent to 5463384892
2026-05-12 03:18:32,302 [INFO] Telegram message sent to -5062384957
2026-05-12 03:18:32,305 [INFO] Check complete
2026-05-12 03:19:06,555 [INFO] ==================================================
2026-05-12 03:19:06,555 [INFO] CBRS IPO Monitor — starting check
2026-05-12 03:19:06,555 [INFO] Checking SEC EDGAR filings...
2026-05-12 03:19:10,656 [INFO]   Found 0 new filing(s)
2026-05-12 03:19:10,657 [INFO] Checking critical filing types (424B)...
2026-05-12 03:19:11,216 [INFO]   Found 0 424-type filing(s)
2026-05-12 03:19:11,216 [INFO] Checking NASDAQ trading status...
2026-05-12 03:19:11,284 [INFO]   Not yet trading
2026-05-12 03:19:11,284 [INFO] Checking news feeds...
2026-05-12 03:19:12,523 [INFO]   Found 11 news item(s)
2026-05-12 03:19:12,523 [INFO] Sending report...
2026-05-12 03:19:13,287 [INFO] Telegram message sent to 5463384892
2026-05-12 03:19:14,077 [INFO] Telegram message sent to -5062384957
2026-05-12 03:19:14,078 [INFO] Check complete
2026-05-12 13:00:01,272 [INFO] ==================================================
2026-05-12 13:00:01,272 [INFO] CBRS IPO Monitor — starting check
2026-05-12 13:00:01,273 [INFO] Checking SEC EDGAR filings...
2026-05-12 13:00:03,915 [INFO]   Found 0 new filing(s)
2026-05-12 13:00:03,916 [INFO] Checking critical filing types (424B)...
2026-05-12 13:00:04,886 [INFO]   Found 0 424-type filing(s)
2026-05-12 13:00:04,886 [INFO] Checking NASDAQ trading status...
2026-05-12 13:00:04,960 [INFO]   Not yet trading
2026-05-12 13:00:04,960 [INFO] Checking news feeds...
2026-05-12 13:00:08,234 [INFO]   Found 11 news item(s)
2026-05-12 13:00:08,235 [INFO] Sending report...
2026-05-12 13:00:09,005 [INFO] Telegram message sent to 5463384892
2026-05-12 13:00:09,837 [INFO] Telegram message sent to -5062384957
2026-05-12 13:00:09,841 [INFO] Check complete
2026-05-12 13:00:15,081 [INFO] ==================================================
2026-05-12 13:00:15,081 [INFO] CBRS IPO Monitor — starting check
2026-05-12 13:00:15,081 [INFO] Checking SEC EDGAR filings...
2026-05-12 13:00:16,809 [INFO]   Found 0 new filing(s)
2026-05-12 13:00:16,810 [INFO] Checking critical filing types (424B)...
2026-05-12 13:00:17,467 [INFO]   Found 0 424-type filing(s)
2026-05-12 13:00:17,467 [INFO] Checking NASDAQ trading status...
2026-05-12 13:00:17,551 [INFO]   Not yet trading
2026-05-12 13:00:17,551 [INFO] Checking news feeds...
2026-05-12 13:00:18,564 [INFO]   Found 11 news item(s)
2026-05-12 13:00:18,565 [INFO] No changes since last report, skipping
2026-05-12 13:00:18,565 [INFO] Nothing new to report
2026-05-12 13:00:18,565 [INFO] Check complete
2026-05-12 14:30:02,114 [INFO] ==================================================
2026-05-12 14:30:02,114 [INFO] CBRS IPO Monitor — starting check
2026-05-12 14:30:02,114 [INFO] Checking SEC EDGAR filings...
2026-05-12 14:30:05,612 [INFO]   Found 0 new filing(s)
2026-05-12 14:30:05,612 [INFO] Checking critical filing types (424B)...
2026-05-12 14:30:07,427 [INFO]   Found 0 424-type filing(s)
2026-05-12 14:30:07,427 [INFO] Checking NASDAQ trading status...
2026-05-12 14:30:07,492 [INFO]   Not yet trading
2026-05-12 14:30:07,492 [INFO] Checking news feeds...
2026-05-12 14:30:09,787 [INFO]   Found 11 news item(s)
2026-05-12 14:30:09,787 [INFO] Sending report...
2026-05-12 14:30:10,583 [INFO] Telegram message sent to 5463384892
2026-05-12 14:30:11,322 [INFO] Telegram message sent to -5062384957
2026-05-12 14:30:11,323 [INFO] Check complete
2026-05-12 14:30:18,835 [INFO] ==================================================
2026-05-12 14:30:18,835 [INFO] CBRS IPO Monitor — starting check
2026-05-12 14:30:18,835 [INFO] Checking SEC EDGAR filings...
2026-05-12 14:30:21,745 [INFO]   Found 0 new filing(s)
2026-05-12 14:30:21,746 [INFO] Checking critical filing types (424B)...
2026-05-12 14:30:22,308 [INFO]   Found 0 424-type filing(s)
2026-05-12 14:30:22,309 [INFO] Checking NASDAQ trading status...
2026-05-12 14:30:22,360 [INFO]   Not yet trading
2026-05-12 14:30:22,360 [INFO] Checking news feeds...
2026-05-12 14:30:23,203 [INFO]   Found 11 news item(s)
2026-05-12 14:30:23,203 [INFO] No changes since last report, skipping
2026-05-12 14:30:23,203 [INFO] Nothing new to report
2026-05-12 14:30:23,203 [INFO] Check complete
2026-05-12 20:30:01,885 [INFO] ==================================================
2026-05-12 20:30:01,886 [INFO] CBRS IPO Monitor — starting check
2026-05-12 20:30:01,886 [INFO] Checking SEC EDGAR filings...
2026-05-12 20:30:05,034 [INFO]   Found 0 new filing(s)
2026-05-12 20:30:05,034 [INFO] Checking critical filing types (424B)...
2026-05-12 20:30:05,988 [INFO]   Found 0 424-type filing(s)
2026-05-12 20:30:05,988 [INFO] Checking NASDAQ trading status...
2026-05-12 20:30:06,173 [INFO]   Not yet trading
2026-05-12 20:30:06,173 [INFO] Checking news feeds...
2026-05-12 20:30:08,284 [INFO]   Found 11 news item(s)
2026-05-12 20:30:08,285 [INFO] Sending report...
2026-05-12 20:30:09,167 [INFO] Telegram message sent to 5463384892
2026-05-12 20:30:10,026 [INFO] Telegram message sent to -5062384957
2026-05-12 20:30:10,028 [INFO] Check complete
2026-05-12 20:30:23,675 [INFO] ==================================================
2026-05-12 20:30:23,675 [INFO] CBRS IPO Monitor — starting check
2026-05-12 20:30:23,675 [INFO] Checking SEC EDGAR filings...
2026-05-12 20:30:27,689 [INFO]   Found 0 new filing(s)
2026-05-12 20:30:27,690 [INFO] Checking critical filing types (424B)...
2026-05-12 20:30:28,401 [INFO]   Found 0 424-type filing(s)
2026-05-12 20:30:28,401 [INFO] Checking NASDAQ trading status...
2026-05-12 20:30:28,488 [INFO]   Not yet trading
2026-05-12 20:30:28,488 [INFO] Checking news feeds...
2026-05-12 20:30:29,742 [INFO]   Found 11 news item(s)
2026-05-12 20:30:29,743 [INFO] No changes since last report, skipping
2026-05-12 20:30:29,743 [INFO] Nothing new to report
2026-05-12 20:30:29,743 [INFO] Check complete
2026-05-13 00:00:01,426 [INFO] ==================================================
2026-05-13 00:00:01,427 [INFO] CBRS IPO Monitor — starting check
2026-05-13 00:00:01,427 [INFO] Checking SEC EDGAR filings...
2026-05-13 00:00:03,864 [INFO]   Found 0 new filing(s)
2026-05-13 00:00:03,864 [INFO] Checking critical filing types (424B)...
2026-05-13 00:00:04,682 [INFO]   Found 0 424-type filing(s)
2026-05-13 00:00:04,682 [INFO] Checking NASDAQ trading status...
2026-05-13 00:00:04,748 [INFO]   Not yet trading
2026-05-13 00:00:04,748 [INFO] Checking news feeds...
2026-05-13 00:00:06,236 [INFO]   Found 11 news item(s)
2026-05-13 00:00:06,236 [INFO] Sending report...
2026-05-13 00:00:07,013 [INFO] Telegram message sent to 5463384892
2026-05-13 00:00:07,735 [INFO] Telegram message sent to -5062384957
2026-05-13 00:00:07,737 [INFO] Check complete
2026-05-13 00:00:30,090 [INFO] ==================================================
2026-05-13 00:00:30,090 [INFO] CBRS IPO Monitor — starting check
2026-05-13 00:00:30,090 [INFO] Checking SEC EDGAR filings...
2026-05-13 00:00:34,716 [INFO]   Found 0 new filing(s)
2026-05-13 00:00:34,716 [INFO] Checking critical filing types (424B)...
2026-05-13 00:00:35,284 [INFO]   Found 0 424-type filing(s)
2026-05-13 00:00:35,285 [INFO] Checking NASDAQ trading status...
2026-05-13 00:00:35,354 [INFO]   Not yet trading
2026-05-13 00:00:35,354 [INFO] Checking news feeds...
2026-05-13 00:00:36,409 [INFO]   Found 11 news item(s)
2026-05-13 00:00:36,409 [INFO] No changes since last report, skipping
2026-05-13 00:00:36,409 [INFO] Nothing new to report
2026-05-13 00:00:36,410 [INFO] Check complete
2026-05-13 13:00:01,778 [INFO] ==================================================
2026-05-13 13:00:01,778 [INFO] CBRS IPO Monitor — starting check
2026-05-13 13:00:01,779 [INFO] Checking SEC EDGAR filings...
2026-05-13 13:00:07,446 [INFO]   Found 0 new filing(s)
2026-05-13 13:00:07,447 [INFO] Checking critical filing types (424B)...
2026-05-13 13:00:08,537 [INFO]   Found 0 424-type filing(s)
2026-05-13 13:00:08,537 [INFO] Checking NASDAQ trading status...
2026-05-13 13:00:08,826 [INFO]   Not yet trading
2026-05-13 13:00:08,827 [INFO] Checking news feeds...
2026-05-13 13:00:14,330 [INFO]   Found 10 news item(s)
2026-05-13 13:00:14,331 [INFO] Sending report...
2026-05-13 13:00:18,116 [INFO] Telegram message sent to 5463384892
2026-05-13 13:00:20,248 [INFO] Telegram message sent to -5062384957
2026-05-13 13:00:20,249 [INFO] Check complete
2026-05-13 13:00:37,344 [INFO] ==================================================
2026-05-13 13:00:37,344 [INFO] CBRS IPO Monitor — starting check
2026-05-13 13:00:37,344 [INFO] Checking SEC EDGAR filings...
2026-05-13 13:00:44,029 [INFO]   Found 0 new filing(s)
2026-05-13 13:00:44,029 [INFO] Checking critical filing types (424B)...
2026-05-13 13:00:44,698 [INFO]   Found 0 424-type filing(s)
2026-05-13 13:00:44,698 [INFO] Checking NASDAQ trading status...
2026-05-13 13:00:44,771 [INFO]   Not yet trading
2026-05-13 13:00:44,771 [INFO] Checking news feeds...
2026-05-13 13:00:47,600 [INFO]   Found 10 news item(s)
2026-05-13 13:00:47,601 [INFO] No changes since last report, skipping
2026-05-13 13:00:47,601 [INFO] Nothing new to report
2026-05-13 13:00:47,602 [INFO] Check complete
2026-05-13 14:30:01,514 [INFO] ==================================================
2026-05-13 14:30:01,514 [INFO] CBRS IPO Monitor — starting check
2026-05-13 14:30:01,514 [INFO] Checking SEC EDGAR filings...
2026-05-13 14:30:06,530 [INFO]   Found 0 new filing(s)
2026-05-13 14:30:06,531 [INFO] Checking critical filing types (424B)...
2026-05-13 14:30:08,359 [INFO]   Found 0 424-type filing(s)
2026-05-13 14:30:08,359 [INFO] Checking NASDAQ trading status...
2026-05-13 14:30:09,739 [INFO]   Not yet trading
2026-05-13 14:30:09,739 [INFO] Checking news feeds...
2026-05-13 14:30:15,304 [INFO]   Found 10 news item(s)
2026-05-13 14:30:15,304 [INFO] Sending report...
2026-05-13 14:30:16,830 [INFO] Telegram message sent to 5463384892
2026-05-13 14:30:19,097 [INFO] Telegram message sent to -5062384957
2026-05-13 14:30:19,099 [INFO] Check complete
2026-05-13 14:30:47,900 [INFO] ==================================================
2026-05-13 14:30:47,900 [INFO] CBRS IPO Monitor — starting check
2026-05-13 14:30:47,900 [INFO] Checking SEC EDGAR filings...
2026-05-13 14:30:52,818 [INFO]   Found 0 new filing(s)
2026-05-13 14:30:52,818 [INFO] Checking critical filing types (424B)...
2026-05-13 14:30:55,373 [INFO]   Found 0 424-type filing(s)
2026-05-13 14:30:55,373 [INFO] Checking NASDAQ trading status...
2026-05-13 14:30:56,063 [INFO]   Not yet trading
2026-05-13 14:30:56,063 [INFO] Checking news feeds...
2026-05-13 14:31:02,487 [INFO]   Found 10 news item(s)
2026-05-13 14:31:02,488 [INFO] Sending report...
2026-05-13 14:31:03,583 [INFO] Telegram message sent to 5463384892
2026-05-13 14:31:05,134 [INFO] Telegram message sent to -5062384957
2026-05-13 14:31:05,137 [INFO] Check complete
2026-05-13 15:39:13,320 [INFO] ==================================================
2026-05-13 15:39:13,321 [INFO] CBRS IPO Monitor — starting check
2026-05-13 15:39:13,321 [INFO] Checking SEC EDGAR filings...
2026-05-13 15:39:18,871 [INFO]   Found 0 new filing(s)
2026-05-13 15:39:18,871 [INFO] Checking critical filing types (424B)...
2026-05-13 15:39:20,305 [INFO]   Found 0 424-type filing(s)
2026-05-13 15:39:20,306 [INFO] Checking NASDAQ trading status...
2026-05-13 15:39:20,844 [INFO]   Not yet trading
2026-05-13 15:39:20,844 [INFO] Checking news feeds...
2026-05-13 15:39:28,963 [INFO]   Found 10 news item(s)
2026-05-13 15:39:28,964 [INFO] Sending report...
2026-05-13 15:39:30,617 [INFO] Telegram message sent to 5463384892
2026-05-13 15:39:32,533 [INFO] Telegram message sent to -5062384957
2026-05-13 15:39:32,535 [INFO] Check complete
2026-05-13 20:30:01,663 [INFO] ==================================================
2026-05-13 20:30:01,665 [INFO] CBRS IPO Monitor — starting check
2026-05-13 20:30:01,665 [INFO] Checking SEC EDGAR filings...
2026-05-13 20:30:05,763 [INFO] ==================================================
2026-05-13 20:30:05,763 [INFO] CBRS IPO Monitor — starting check
2026-05-13 20:30:05,763 [INFO] Checking SEC EDGAR filings...
2026-05-13 20:30:06,511 [INFO]   Found 1 new filing(s)
2026-05-13 20:30:06,511 [INFO] Checking critical filing types (424B)...
2026-05-13 20:30:07,313 [INFO]   Found 0 424-type filing(s)
2026-05-13 20:30:07,313 [INFO] Checking NASDAQ trading status...
2026-05-13 20:30:07,374 [INFO]   Not yet trading
2026-05-13 20:30:07,374 [INFO] Checking news feeds...
2026-05-13 20:30:07,611 [INFO]   Found 1 new filing(s)
2026-05-13 20:30:07,612 [INFO] Checking critical filing types (424B)...
2026-05-13 20:30:08,247 [INFO]   Found 0 424-type filing(s)
2026-05-13 20:30:08,247 [INFO] Checking NASDAQ trading status...
2026-05-13 20:30:08,305 [INFO]   Not yet trading
2026-05-13 20:30:08,306 [INFO] Checking news feeds...
2026-05-13 20:30:09,538 [INFO]   Found 10 news item(s)
2026-05-13 20:30:09,538 [INFO] Sending report...
2026-05-13 20:30:09,539 [INFO]   Found 10 news item(s)
2026-05-13 20:30:09,539 [INFO] Sending report...
2026-05-13 20:30:10,401 [INFO] Telegram message sent to 5463384892
2026-05-13 20:30:10,446 [INFO] Telegram message sent to 5463384892
2026-05-13 20:30:11,217 [INFO] Telegram message sent to -5062384957
2026-05-13 20:30:11,219 [INFO] Check complete
2026-05-13 20:30:11,260 [INFO] Telegram message sent to -5062384957
2026-05-13 20:30:11,263 [INFO] Check complete
2026-05-14 00:00:01,739 [INFO] ==================================================
2026-05-14 00:00:01,740 [INFO] CBRS IPO Monitor — starting check
2026-05-14 00:00:01,741 [INFO] Checking SEC EDGAR filings...
2026-05-14 00:00:06,435 [INFO]   Found 9 new filing(s)
2026-05-14 00:00:06,435 [INFO] Checking critical filing types (424B)...
2026-05-14 00:00:07,217 [INFO]   Found 0 424-type filing(s)
2026-05-14 00:00:07,217 [INFO] Checking NASDAQ trading status...
2026-05-14 00:00:07,286 [INFO]   Not yet trading
2026-05-14 00:00:07,286 [INFO] Checking news feeds...
2026-05-14 00:00:09,602 [INFO]   Found 11 news item(s)
2026-05-14 00:00:09,602 [INFO] Sending report...
2026-05-14 00:00:10,387 [INFO] Telegram message sent to 5463384892
2026-05-14 00:00:11,208 [INFO] Telegram message sent to -5062384957
2026-05-14 00:00:11,209 [INFO] Check complete
2026-05-14 00:00:11,658 [INFO] ==================================================
2026-05-14 00:00:11,658 [INFO] CBRS IPO Monitor — starting check
2026-05-14 00:00:11,658 [INFO] Checking SEC EDGAR filings...
2026-05-14 00:00:13,451 [INFO]   Found 0 new filing(s)
2026-05-14 00:00:13,451 [INFO] Checking critical filing types (424B)...
2026-05-14 00:00:14,005 [INFO]   Found 0 424-type filing(s)
2026-05-14 00:00:14,005 [INFO] Checking NASDAQ trading status...
2026-05-14 00:00:14,058 [INFO]   Not yet trading
2026-05-14 00:00:14,058 [INFO] Checking news feeds...
2026-05-14 00:00:14,843 [INFO]   Found 11 news item(s)
2026-05-14 00:00:14,844 [INFO] Sending report...
2026-05-14 00:00:15,598 [INFO] Telegram message sent to 5463384892
2026-05-14 00:00:16,416 [INFO] Telegram message sent to -5062384957
2026-05-14 00:00:16,420 [INFO] Check complete
2026-05-14 13:00:01,551 [INFO] ==================================================
2026-05-14 13:00:01,554 [INFO] CBRS IPO Monitor — starting check
2026-05-14 13:00:01,555 [INFO] Checking SEC EDGAR filings...
2026-05-14 13:00:04,005 [INFO]   Found 7 new filing(s)
2026-05-14 13:00:04,007 [INFO] Checking critical filing types (424B)...
2026-05-14 13:00:05,867 [INFO]   Found 0 424-type filing(s)
2026-05-14 13:00:05,867 [INFO] Checking NASDAQ trading status...
2026-05-14 13:00:05,934 [INFO]   Not yet trading
2026-05-14 13:00:05,934 [INFO] Checking news feeds...
2026-05-14 13:00:07,714 [INFO]   Found 11 news item(s)
2026-05-14 13:00:07,714 [INFO] Sending report...
2026-05-14 13:00:08,501 [INFO] Telegram message sent to 5463384892
2026-05-14 13:00:09,233 [INFO] Telegram message sent to -5062384957
2026-05-14 13:00:09,236 [INFO] Check complete
2026-05-14 13:00:17,541 [INFO] ==================================================
2026-05-14 13:00:17,541 [INFO] CBRS IPO Monitor — starting check
2026-05-14 13:00:17,541 [INFO] Checking SEC EDGAR filings...
2026-05-14 13:00:20,642 [INFO]   Found 0 new filing(s)
2026-05-14 13:00:20,642 [INFO] Checking critical filing types (424B)...
2026-05-14 13:00:21,265 [INFO]   Found 0 424-type filing(s)
2026-05-14 13:00:21,265 [INFO] Checking NASDAQ trading status...
2026-05-14 13:00:21,333 [INFO]   Not yet trading
2026-05-14 13:00:21,334 [INFO] Checking news feeds...
2026-05-14 13:00:22,385 [INFO]   Found 11 news item(s)
2026-05-14 13:00:22,386 [INFO] Sending report...
2026-05-14 13:00:23,135 [INFO] Telegram message sent to 5463384892
2026-05-14 13:00:23,883 [INFO] Telegram message sent to -5062384957
2026-05-14 13:00:23,884 [INFO] Check complete
2026-05-14 14:30:01,540 [INFO] ==================================================
2026-05-14 14:30:01,540 [INFO] CBRS IPO Monitor — starting check
2026-05-14 14:30:01,540 [INFO] Checking SEC EDGAR filings...
2026-05-14 14:30:03,850 [INFO]   Found 0 new filing(s)
2026-05-14 14:30:03,850 [INFO] Checking critical filing types (424B)...
2026-05-14 14:30:04,815 [INFO]   Found 0 424-type filing(s)
2026-05-14 14:30:04,815 [INFO] Checking NASDAQ trading status...
2026-05-14 14:30:04,888 [INFO]   TRADING DETECTED! Price: $185.0
2026-05-14 14:30:04,888 [INFO] Checking news feeds...
2026-05-14 14:30:06,628 [INFO]   Found 11 news item(s)
2026-05-14 14:30:06,629 [INFO] Sending report...
2026-05-14 14:30:07,684 [INFO] Telegram message sent to 5463384892
2026-05-14 14:30:08,539 [INFO] Telegram message sent to -5062384957
2026-05-14 14:30:08,540 [INFO] Check complete
2026-05-14 14:30:24,176 [INFO] ==================================================
2026-05-14 14:30:24,176 [INFO] CBRS IPO Monitor — starting check
2026-05-14 14:30:24,176 [INFO] Checking SEC EDGAR filings...
2026-05-14 14:30:27,430 [INFO]   Found 0 new filing(s)
2026-05-14 14:30:27,430 [INFO] Checking critical filing types (424B)...
2026-05-14 14:30:27,992 [INFO]   Found 0 424-type filing(s)
2026-05-14 14:30:27,993 [INFO] Checking NASDAQ trading status...
2026-05-14 14:30:28,063 [INFO]   TRADING DETECTED! Price: $185.0
2026-05-14 14:30:28,064 [INFO] Checking news feeds...
2026-05-14 14:30:28,852 [INFO]   Found 11 news item(s)
2026-05-14 14:30:28,852 [INFO] Sending report...
2026-05-14 14:30:29,613 [INFO] Telegram message sent to 5463384892
2026-05-14 14:30:30,342 [INFO] Telegram message sent to -5062384957
2026-05-14 14:30:30,349 [INFO] Check complete
2026-05-14 20:30:02,218 [INFO] ==================================================
2026-05-14 20:30:02,219 [INFO] CBRS IPO Monitor — starting check
2026-05-14 20:30:02,219 [INFO] Checking SEC EDGAR filings...
2026-05-14 20:30:17,081 [INFO]   Found 0 new filing(s)
2026-05-14 20:30:17,081 [INFO] Checking critical filing types (424B)...
2026-05-14 20:30:18,376 [INFO]   Found 0 424-type filing(s)
2026-05-14 20:30:18,376 [INFO] Checking NASDAQ trading status...
2026-05-14 20:30:18,453 [INFO]   TRADING DETECTED! Price: $311.07
2026-05-14 20:30:18,453 [INFO] Checking news feeds...
2026-05-14 20:30:20,267 [INFO]   Found 12 news item(s)
2026-05-14 20:30:20,267 [INFO] Sending report...
2026-05-14 20:30:20,998 [INFO] Telegram message sent to 5463384892
2026-05-14 20:30:21,722 [INFO] Telegram message sent to -5062384957
2026-05-14 20:30:21,723 [INFO] Check complete
2026-05-14 20:30:30,953 [INFO] ==================================================
2026-05-14 20:30:30,954 [INFO] CBRS IPO Monitor — starting check
2026-05-14 20:30:30,954 [INFO] Checking SEC EDGAR filings...
2026-05-14 20:30:32,897 [INFO]   Found 0 new filing(s)
2026-05-14 20:30:32,897 [INFO] Checking critical filing types (424B)...
2026-05-14 20:30:33,466 [INFO]   Found 0 424-type filing(s)
2026-05-14 20:30:33,467 [INFO] Checking NASDAQ trading status...
2026-05-14 20:30:33,541 [INFO]   TRADING DETECTED! Price: $311.07
2026-05-14 20:30:33,541 [INFO] Checking news feeds...
2026-05-14 20:30:34,199 [INFO]   Found 12 news item(s)
2026-05-14 20:30:34,200 [INFO] Sending report...
2026-05-14 20:30:34,923 [INFO] Telegram message sent to 5463384892
2026-05-14 20:30:35,642 [INFO] Telegram message sent to -5062384957
2026-05-14 20:30:35,644 [INFO] Check complete
2026-05-15 00:00:01,427 [INFO] ==================================================
2026-05-15 00:00:01,429 [INFO] CBRS IPO Monitor — starting check
2026-05-15 00:00:01,429 [INFO] Checking SEC EDGAR filings...
2026-05-15 00:00:05,759 [INFO]   Found 1 new filing(s)
2026-05-15 00:00:05,760 [INFO] Checking critical filing types (424B)...
2026-05-15 00:00:06,586 [INFO]   Found 1 424-type filing(s)
2026-05-15 00:00:06,586 [INFO] Checking NASDAQ trading status...
2026-05-15 00:00:06,655 [INFO]   TRADING DETECTED! Price: $311.07
2026-05-15 00:00:06,655 [INFO] Checking news feeds...
2026-05-15 00:00:08,162 [INFO]   Found 14 news item(s)
2026-05-15 00:00:08,162 [INFO] Sending report...
2026-05-15 00:00:08,941 [INFO] Telegram message sent to 5463384892
2026-05-15 00:00:09,663 [INFO] Telegram message sent to -5062384957
2026-05-15 00:00:09,666 [INFO] Check complete
2026-05-15 00:00:35,982 [INFO] ==================================================
2026-05-15 00:00:35,982 [INFO] CBRS IPO Monitor — starting check
2026-05-15 00:00:35,982 [INFO] Checking SEC EDGAR filings...
2026-05-15 00:00:39,795 [INFO]   Found 0 new filing(s)
2026-05-15 00:00:39,796 [INFO] Checking critical filing types (424B)...
2026-05-15 00:00:40,398 [INFO]   Found 1 424-type filing(s)
2026-05-15 00:00:40,399 [INFO] Checking NASDAQ trading status...
2026-05-15 00:00:40,498 [INFO]   TRADING DETECTED! Price: $311.07
2026-05-15 00:00:40,498 [INFO] Checking news feeds...
2026-05-15 00:00:41,957 [INFO]   Found 14 news item(s)
2026-05-15 00:00:41,958 [INFO] Sending report...
2026-05-15 00:00:42,727 [INFO] Telegram message sent to 5463384892
2026-05-15 00:00:43,460 [INFO] Telegram message sent to -5062384957
2026-05-15 00:00:43,462 [INFO] Check complete
2026-06-17 13:00:16,737 [INFO] ==================================================
2026-06-17 13:00:16,737 [INFO] CBRS IPO Monitor — starting check
2026-06-17 13:00:16,738 [INFO] Checking SEC EDGAR filings...
2026-06-17 13:00:21,254 [INFO]   Found 10 new filing(s)
2026-06-17 13:00:21,254 [INFO] Checking critical filing types (424B)...
2026-06-17 13:00:22,055 [INFO]   Found 1 424-type filing(s)
2026-06-17 13:00:22,055 [INFO] Checking NASDAQ trading status...
2026-06-17 13:00:22,141 [INFO]   TRADING DETECTED! Price: $212.25
2026-06-17 13:00:22,141 [INFO] Checking news feeds...
2026-06-17 13:00:24,606 [INFO]   Found 10 news item(s)
2026-06-17 13:00:24,606 [INFO] Sending report...
2026-06-17 13:00:26,067 [INFO] Telegram message sent to 5463384892
2026-06-17 13:00:26,990 [INFO] Telegram message sent to -5062384957
2026-06-17 13:00:26,994 [INFO] Check complete
2026-06-18 00:00:27,469 [INFO] ==================================================
2026-06-18 00:00:27,470 [INFO] CBRS IPO Monitor — starting check
2026-06-18 00:00:27,470 [INFO] Checking SEC EDGAR filings...
2026-06-18 00:00:32,009 [INFO]   Found 0 new filing(s)
2026-06-18 00:00:32,010 [INFO] Checking critical filing types (424B)...
2026-06-18 00:00:32,871 [INFO]   Found 1 424-type filing(s)
2026-06-18 00:00:32,872 [INFO] Checking NASDAQ trading status...
2026-06-18 00:00:32,976 [INFO]   TRADING DETECTED! Price: $213.67
2026-06-18 00:00:32,976 [INFO] Checking news feeds...
2026-06-18 00:00:34,946 [INFO]   Found 10 news item(s)
2026-06-18 00:00:34,946 [INFO] Sending report...
2026-06-18 00:00:35,720 [INFO] Telegram message sent to 5463384892
2026-06-18 00:00:36,440 [INFO] Telegram message sent to -5062384957
2026-06-18 00:00:36,445 [INFO] Check complete
2026-06-18 13:00:36,951 [INFO] ==================================================
2026-06-18 13:00:36,951 [INFO] CBRS IPO Monitor — starting check
2026-06-18 13:00:36,952 [INFO] Checking SEC EDGAR filings...
2026-06-18 13:00:39,982 [INFO]   Found 0 new filing(s)
2026-06-18 13:00:39,982 [INFO] Checking critical filing types (424B)...
2026-06-18 13:00:55,010 [WARNING] Critical filing check failed: HTTPSConnectionPool(host='www.sec.gov', port=443): Read timed out. (read timeout=15)
2026-06-18 13:00:55,010 [INFO]   Found 0 424-type filing(s)
2026-06-18 13:00:55,010 [INFO] Checking NASDAQ trading status...
2026-06-18 13:00:55,106 [INFO]   TRADING DETECTED! Price: $213.67
2026-06-18 13:00:55,106 [INFO] Checking news feeds...
2026-06-18 13:00:56,506 [INFO]   Found 10 news item(s)
2026-06-18 13:00:56,506 [INFO] Sending report...
2026-06-18 13:00:57,264 [INFO] Telegram message sent to 5463384892
2026-06-18 13:00:57,993 [INFO] Telegram message sent to -5062384957
2026-06-18 13:00:57,994 [INFO] Check complete
2026-06-19 00:00:58,454 [INFO] ==================================================
2026-06-19 00:00:58,455 [INFO] CBRS IPO Monitor — starting check
2026-06-19 00:00:58,456 [INFO] Checking SEC EDGAR filings...
2026-06-19 00:01:04,193 [INFO]   Found 0 new filing(s)
2026-06-19 00:01:04,194 [INFO] Checking critical filing types (424B)...
2026-06-19 00:01:05,015 [INFO]   Found 1 424-type filing(s)
2026-06-19 00:01:05,016 [INFO] Checking NASDAQ trading status...
2026-06-19 00:01:05,088 [INFO]   TRADING DETECTED! Price: $234.71
2026-06-19 00:01:05,088 [INFO] Checking news feeds...
2026-06-19 00:01:06,799 [INFO]   Found 10 news item(s)
2026-06-19 00:01:06,799 [INFO] Sending report...
2026-06-19 00:01:07,578 [INFO] Telegram message sent to 5463384892
2026-06-19 00:01:08,311 [INFO] Telegram message sent to -5062384957
2026-06-19 00:01:08,316 [INFO] Check complete
2026-06-19 13:00:08,957 [INFO] ==================================================
2026-06-19 13:00:08,957 [INFO] CBRS IPO Monitor — starting check
2026-06-19 13:00:08,957 [INFO] Checking SEC EDGAR filings...
2026-06-19 13:00:14,396 [INFO]   Found 0 new filing(s)
2026-06-19 13:00:14,396 [INFO] Checking critical filing types (424B)...
2026-06-19 13:00:15,255 [INFO]   Found 1 424-type filing(s)
2026-06-19 13:00:15,256 [INFO] Checking NASDAQ trading status...
2026-06-19 13:00:15,360 [INFO]   TRADING DETECTED! Price: $234.71
2026-06-19 13:00:15,361 [INFO] Checking news feeds...
2026-06-19 13:00:16,999 [INFO]   Found 10 news item(s)
2026-06-19 13:00:16,999 [INFO] Sending report...
2026-06-19 13:00:17,748 [INFO] Telegram message sent to 5463384892
2026-06-19 13:00:18,475 [INFO] Telegram message sent to -5062384957
2026-06-19 13:00:18,476 [INFO] Check complete
2026-06-20 00:00:18,942 [INFO] ==================================================
2026-06-20 00:00:18,943 [INFO] CBRS IPO Monitor — starting check
2026-06-20 00:00:18,943 [INFO] Checking SEC EDGAR filings...
2026-06-20 00:00:23,273 [INFO]   Found 0 new filing(s)
2026-06-20 00:00:23,273 [INFO] Checking critical filing types (424B)...
2026-06-20 00:00:24,316 [INFO]   Found 1 424-type filing(s)
2026-06-20 00:00:24,317 [INFO] Checking NASDAQ trading status...
2026-06-20 00:00:24,401 [INFO]   TRADING DETECTED! Price: $234.71
2026-06-20 00:00:24,401 [INFO] Checking news feeds...
2026-06-20 00:00:26,098 [INFO]   Found 10 news item(s)
2026-06-20 00:00:26,098 [INFO] Sending report...
2026-06-20 00:00:26,881 [INFO] Telegram message sent to 5463384892
2026-06-20 00:00:27,599 [INFO] Telegram message sent to -5062384957
2026-06-20 00:00:27,604 [INFO] Check complete
2026-06-20 13:00:28,087 [INFO] ==================================================
2026-06-20 13:00:28,087 [INFO] CBRS IPO Monitor — starting check
2026-06-20 13:00:28,088 [INFO] Checking SEC EDGAR filings...
2026-06-20 13:00:30,623 [INFO]   Found 0 new filing(s)
2026-06-20 13:00:30,623 [INFO] Checking critical filing types (424B)...
2026-06-20 13:00:31,445 [INFO]   Found 1 424-type filing(s)
2026-06-20 13:00:31,446 [INFO] Checking NASDAQ trading status...
2026-06-20 13:00:31,615 [INFO]   TRADING DETECTED! Price: $234.71
2026-06-20 13:00:31,616 [INFO] Checking news feeds...
2026-06-20 13:00:33,523 [INFO]   Found 10 news item(s)
2026-06-20 13:00:33,523 [INFO] Sending report...
2026-06-20 13:00:34,289 [INFO] Telegram message sent to 5463384892
2026-06-20 13:00:35,001 [INFO] Telegram message sent to -5062384957
2026-06-20 13:00:35,001 [INFO] Check complete
2026-06-21 00:00:35,676 [INFO] ==================================================
2026-06-21 00:00:35,676 [INFO] CBRS IPO Monitor — starting check
2026-06-21 00:00:35,677 [INFO] Checking SEC EDGAR filings...
2026-06-21 00:00:40,139 [INFO]   Found 0 new filing(s)
2026-06-21 00:00:40,139 [INFO] Checking critical filing types (424B)...
2026-06-21 00:00:40,929 [INFO]   Found 1 424-type filing(s)
2026-06-21 00:00:40,930 [INFO] Checking NASDAQ trading status...
2026-06-21 00:00:41,036 [INFO]   TRADING DETECTED! Price: $234.71
2026-06-21 00:00:41,036 [INFO] Checking news feeds...
2026-06-21 00:00:42,864 [INFO]   Found 10 news item(s)
2026-06-21 00:00:42,864 [INFO] Sending report...
2026-06-21 00:00:43,609 [INFO] Telegram message sent to 5463384892
2026-06-21 00:00:44,522 [INFO] Telegram message sent to -5062384957
2026-06-21 00:00:44,523 [INFO] Check complete
2026-06-21 13:00:44,866 [INFO] ==================================================
2026-06-21 13:00:44,868 [INFO] CBRS IPO Monitor — starting check
2026-06-21 13:00:44,868 [INFO] Checking SEC EDGAR filings...
2026-06-21 13:00:49,026 [INFO]   Found 0 new filing(s)
2026-06-21 13:00:49,026 [INFO] Checking critical filing types (424B)...
2026-06-21 13:00:49,818 [INFO]   Found 1 424-type filing(s)
2026-06-21 13:00:49,819 [INFO] Checking NASDAQ trading status...
2026-06-21 13:00:49,906 [INFO]   TRADING DETECTED! Price: $234.71
2026-06-21 13:00:49,907 [INFO] Checking news feeds...
2026-06-21 13:00:51,133 [INFO]   Found 10 news item(s)
2026-06-21 13:00:51,133 [INFO] Sending report...
2026-06-21 13:00:51,896 [INFO] Telegram message sent to 5463384892
2026-06-21 13:00:52,620 [INFO] Telegram message sent to -5062384957
2026-06-21 13:00:52,623 [INFO] Check complete
2026-06-22 00:00:53,105 [INFO] ==================================================
2026-06-22 00:00:53,106 [INFO] CBRS IPO Monitor — starting check
2026-06-22 00:00:53,106 [INFO] Checking SEC EDGAR filings...
2026-06-22 00:00:55,362 [INFO]   Found 0 new filing(s)
2026-06-22 00:00:55,363 [INFO] Checking critical filing types (424B)...
2026-06-22 00:00:56,176 [INFO]   Found 1 424-type filing(s)
2026-06-22 00:00:56,177 [INFO] Checking NASDAQ trading status...
2026-06-22 00:00:56,279 [INFO]   TRADING DETECTED! Price: $234.71
2026-06-22 00:00:56,279 [INFO] Checking news feeds...
2026-06-22 00:00:58,265 [INFO]   Found 10 news item(s)
2026-06-22 00:00:58,265 [INFO] Sending report...
2026-06-22 00:00:59,069 [INFO] Telegram message sent to 5463384892
2026-06-22 00:00:59,781 [INFO] Telegram message sent to -5062384957
2026-06-22 00:00:59,785 [INFO] Check complete
2026-06-22 13:00:00,152 [INFO] ==================================================
2026-06-22 13:00:00,153 [INFO] CBRS IPO Monitor — starting check
2026-06-22 13:00:00,153 [INFO] Checking SEC EDGAR filings...
2026-06-22 13:00:03,712 [INFO]   Found 0 new filing(s)
2026-06-22 13:00:03,712 [INFO] Checking critical filing types (424B)...
2026-06-22 13:00:05,054 [INFO]   Found 1 424-type filing(s)
2026-06-22 13:00:05,055 [INFO] Checking NASDAQ trading status...
2026-06-22 13:00:05,119 [INFO]   TRADING DETECTED! Price: $234.71
2026-06-22 13:00:05,119 [INFO] Checking news feeds...
2026-06-22 13:00:07,116 [INFO]   Found 10 news item(s)
2026-06-22 13:00:07,117 [INFO] Sending report...
2026-06-22 13:00:07,946 [INFO] Telegram message sent to 5463384892
2026-06-22 13:00:08,677 [INFO] Telegram message sent to -5062384957
2026-06-22 13:00:08,681 [INFO] Check complete
